<?xml version="1.0" encoding="UTF-8"?>
<!-- Generated by org.testng.reporters.JUnitXMLReporter -->
<testsuite hostname="Govardhan-PC" name="Login" tests="9" failures="0" timestamp="10 Mar 2016 03:10:12 GMT" time="82.902" errors="0">
  <testcase name="login" time="43.927" classname="com.gktech.newcars.Login"/>
  <testcase name="login" time="0.001" classname="com.gktech.newcars.Login">
    <skipped/>
  </testcase> <!-- login -->
  <testcase name="login" time="38.943" classname="com.gktech.newcars.Login"/>
  <testcase name="login" time="0.001" classname="com.gktech.newcars.Login">
    <skipped/>
  </testcase> <!-- login -->
  <testcase name="login" time="0.0" classname="com.gktech.newcars.Login">
    <skipped/>
  </testcase> <!-- login -->
  <testcase name="login" time="0.001" classname="com.gktech.newcars.Login">
    <skipped/>
  </testcase> <!-- login -->
  <testcase name="login" time="0.001" classname="com.gktech.newcars.Login">
    <skipped/>
  </testcase> <!-- login -->
  <testcase name="login" time="0.0" classname="com.gktech.newcars.Login">
    <skipped/>
  </testcase> <!-- login -->
  <testcase name="login" time="0.001" classname="com.gktech.newcars.Login">
    <skipped/>
  </testcase> <!-- login -->
</testsuite> <!-- Login -->
