<?xml version="1.0" encoding="UTF-8"?>
<!-- Generated by org.testng.reporters.JUnitXMLReporter -->
<testsuite hostname="Govardhan-PC" name="Registration" tests="5" failures="0" timestamp="10 Mar 2016 03:12:38 GMT" time="145.732" errors="0">
  <testcase name="registration" time="47.262" classname="com.gktech.newcars.Registration"/>
  <testcase name="registration" time="48.313" classname="com.gktech.newcars.Registration"/>
  <testcase name="registration" time="0.003" classname="com.gktech.newcars.Registration">
    <skipped/>
  </testcase> <!-- registration -->
  <testcase name="registration" time="50.105" classname="com.gktech.newcars.Registration"/>
  <testcase name="registration" time="0.0" classname="com.gktech.newcars.Registration">
    <skipped/>
  </testcase> <!-- registration -->
</testsuite> <!-- Registration -->
