<?xml version="1.0" encoding="UTF-8"?>
<!-- Generated by org.testng.reporters.JUnitXMLReporter -->
<testsuite hostname="Govardhan-PC" name="Default test" tests="5" failures="0" timestamp="9 Mar 2016 03:31:42 GMT" time="133.232" errors="0">
  <testcase name="registration" time="38.904" classname="com.gktech.newcars.Registration"/>
  <testcase name="registration" time="44.377" classname="com.gktech.newcars.Registration"/>
  <testcase name="registration" time="0.005" classname="com.gktech.newcars.Registration">
    <skipped/>
  </testcase> <!-- registration -->
  <testcase name="registration" time="49.886" classname="com.gktech.newcars.Registration"/>
  <testcase name="registration" time="0.002" classname="com.gktech.newcars.Registration">
    <skipped/>
  </testcase> <!-- registration -->
</testsuite> <!-- Default test -->
